2014-05-05 19:34:03.599+0000 INFO  [org.neo4j]: You are using an unsupported version of the Java runtime. Please use Oracle(R) Java(TM) Runtime Environment 7.
2014-05-05 19:34:03.728+0000 INFO  [org.neo4j]: --- INITIALIZED diagnostics START ---
2014-05-05 19:34:03.730+0000 INFO  [org.neo4j]: Neo4j Kernel properties:
    neostore.propertystore.db.strings.mapped_memory=67M
    ephemeral=false
    neostore.nodestore.db.mapped_memory=22M
    store_dir=sample.db
    read_only=false
    neostore.propertystore.db.arrays.mapped_memory=76M
    neostore.propertystore.db.mapped_memory=79M
    neostore.relationshipstore.db.mapped_memory=96M
2014-05-05 19:34:03.737+0000 INFO  [org.neo4j]: Diagnostics providers:
    org.neo4j.kernel.configuration.Config
    org.neo4j.kernel.info.DiagnosticsManager
    SYSTEM_MEMORY
    JAVA_MEMORY
    OPERATING_SYSTEM
    JAVA_VIRTUAL_MACHINE
    CLASSPATH
    LIBRARY_PATH
    SYSTEM_PROPERTIES
    LINUX_SCHEDULERS
    NETWORK
2014-05-05 19:34:03.737+0000 INFO  [org.neo4j]: System memory information:
    Total Physical memory: 1002.21 MB
    Free Physical memory: 72.75 MB
    Committed virtual memory: 317.14 MB
    Total swap space: 1020.00 MB
    Free swap space: 701.70 MB
2014-05-05 19:34:03.745+0000 INFO  [org.neo4j]: JVM memory information:
    Free  memory: 10.08 MB
    Total memory: 15.50 MB
    Max   memory: 243.63 MB
    Garbage Collector: Copy: [Eden Space, Survivor Space]
    Garbage Collector: MarkSweepCompact: [Eden Space, Survivor Space, Tenured Gen]
    Memory Pool: Code Cache (Non-heap memory): committed=896.00 kB, used=891.06 kB, max=32.00 MB, threshold=0.00 B
    Memory Pool: Metaspace (Non-heap memory): committed=3.77 MB, used=3.73 MB, max=-1.00 B, threshold=0.00 B
    Memory Pool: Eden Space (Heap memory): committed=4.31 MB, used=3.59 MB, max=67.25 MB, threshold=?
    Memory Pool: Survivor Space (Heap memory): committed=512.00 kB, used=511.99 kB, max=8.38 MB, threshold=?
    Memory Pool: Tenured Gen (Heap memory): committed=10.69 MB, used=1.33 MB, max=168.00 MB, threshold=0.00 B
2014-05-05 19:34:03.752+0000 INFO  [org.neo4j]: Operating system information:
    Operating System: Linux; version: 3.11.0-20-generic; arch: i386; cpus: 1
    Max number of file descriptors: 4096
    Number of open file descriptors: 26
    Process id: 11284@abhoth
    Byte order: LITTLE_ENDIAN
    Local timezone: America/New_York
2014-05-05 19:34:03.760+0000 INFO  [org.neo4j]: JVM information:
    VM Name: Java HotSpot(TM) Client VM
    VM Vendor: Oracle Corporation
    VM Version: 25.5-b02
    JIT compiler: HotSpot Client Compiler
    VM Arguments: [-Dapp.name=neo4j-shell, -Dapp.pid=11284, -Dapp.repo=/var/lib/neo4j/lib, -Dbasedir=/var/lib/neo4j, -Dfile.encoding=UTF-8]
2014-05-05 19:34:03.761+0000 INFO  [org.neo4j]: Java classpath:
     [classpath + loader.0] file:/home/x/Documents/workspace-sts-3.3.0.RELEASE/neoprofiler/src/main/resources/
     [loader.1] file:/usr/lib/jvm/jdk1.8.0_05/jre/lib/ext/sunjce_provider.jar
     [classpath + loader.0] file:/usr/share/neo4j/lib/neo4j-kernel-2.0.0.jar
     [loader.1] file:/usr/lib/jvm/jdk1.8.0_05/jre/lib/ext/dnsns.jar
     [classpath + loader.0] file:/usr/share/neo4j/lib/neo4j-lucene-index-2.0.0.jar
     [classpath + loader.0] file:/usr/share/neo4j/lib/scala-library-2.10.3.jar
     [bootstrap] /usr/lib/jvm/jdk1.8.0_05/jre/lib/jce.jar
     [classpath + loader.0] file:/usr/share/neo4j/lib/neo4j-cypher-compiler-1.9-2.0.0.jar
     [classpath + loader.0] file:/usr/share/neo4j/lib/neo4j-shell-2.0.0.jar
     [classpath + loader.0] file:/usr/share/neo4j/lib/neo4j-cypher-compiler-2.0-2.0.0.jar
     [loader.1] file:/usr/lib/jvm/jdk1.8.0_05/jre/lib/ext/nashorn.jar
     [classpath + loader.0] file:/usr/share/neo4j/lib/neo4j-graph-matching-2.0.0.jar
     [classpath + loader.0] file:/usr/share/neo4j/lib/neo4j-cypher-2.0.0.jar
     [bootstrap] /usr/lib/jvm/jdk1.8.0_05/jre/lib/resources.jar
     [classpath + loader.0] file:/usr/share/neo4j/lib/concurrentlinkedhashmap-lru-1.3.1.jar
     [classpath + loader.0] file:/usr/share/neo4j/lib/neo4j-graph-algo-2.0.0.jar
     [loader.1] file:/usr/lib/jvm/jdk1.8.0_05/jre/lib/ext/sunec.jar
     [classpath + loader.0] file:/usr/share/neo4j/lib/neo4j-cypher-commons-2.0.0.jar
     [classpath + loader.0] file:/usr/share/neo4j/lib/server-api-2.0.0.jar
     [loader.1] file:/usr/lib/jvm/jdk1.8.0_05/jre/lib/ext/localedata.jar
     [bootstrap] /usr/lib/jvm/jdk1.8.0_05/jre/lib/charsets.jar
     [classpath + loader.0] file:/usr/share/neo4j/lib/parboiled-core-1.1.6.jar
     [classpath + loader.0] file:/usr/share/neo4j/lib/neo4j-jmx-2.0.0.jar
     [classpath + loader.0] file:/usr/share/neo4j/lib/neo4j-udc-2.0.0.jar
     [bootstrap] /usr/lib/jvm/jdk1.8.0_05/jre/lib/sunrsasign.jar
     [bootstrap] /usr/lib/jvm/jdk1.8.0_05/jre/lib/jsse.jar
     [classpath + loader.0] file:/usr/share/neo4j/lib/lucene-core-3.6.2.jar
     [loader.1] file:/usr/lib/jvm/jdk1.8.0_05/jre/lib/ext/jfxrt.jar
     [loader.1] file:/usr/lib/jvm/jdk1.8.0_05/jre/lib/ext/zipfs.jar
     [classpath + loader.0] file:/usr/share/neo4j/lib/geronimo-jta_1.1_spec-1.1.1.jar
     [bootstrap] /usr/lib/jvm/jdk1.8.0_05/jre/lib/rt.jar
     [bootstrap] /usr/lib/jvm/jdk1.8.0_05/jre/lib/jfr.jar
     [classpath + loader.0] file:/usr/share/neo4j/lib/parboiled-scala_2.10-1.1.6.jar
     [classpath + loader.0] file:/usr/share/neo4j/lib/org.apache.servicemix.bundles.jline-0.9.94_1.jar
     [loader.1] file:/usr/lib/jvm/jdk1.8.0_05/jre/lib/ext/sunpkcs11.jar
     [bootstrap] /usr/lib/jvm/jdk1.8.0_05/jre/classes
     [loader.1] file:/usr/lib/jvm/jdk1.8.0_05/jre/lib/ext/cldrdata.jar
2014-05-05 19:34:03.762+0000 INFO  [org.neo4j]: Library path:
    /usr/java/packages/lib/i386
    /lib
    /usr/lib
2014-05-05 19:34:03.763+0000 INFO  [org.neo4j]: System.properties:
    sun.boot.library.path = /usr/lib/jvm/jdk1.8.0_05/jre/lib/i386
    path.separator = :
    file.encoding.pkg = sun.io
    user.country = US
    sun.java.launcher = SUN_STANDARD
    sun.os.patch.level = unknown
    user.dir = /home/x/Documents/workspace-sts-3.3.0.RELEASE/neoprofiler/src/main/resources
    basedir = /var/lib/neo4j
    app.name = neo4j-shell
    sun.jnu.encoding = UTF-8
    app.repo = /var/lib/neo4j/lib
    sun.management.compiler = HotSpot Client Compiler
    user.home = /home/x
    user.timezone = America/New_York
    file.encoding = UTF-8
    user.name = x
    sun.java.command = org.neo4j.shell.StartClient -path sample.db
    sun.arch.data.model = 32
    user.language = en
    awt.toolkit = sun.awt.X11.XToolkit
    file.separator = /
    sun.io.unicode.encoding = UnicodeLittle
    sun.cpu.endian = little
    app.pid = 11284
    sun.cpu.isalist = 
2014-05-05 19:34:03.763+0000 INFO  [org.neo4j]: Linux scheduler information:
    noop [deadline] cfq 
    noop [deadline] cfq 
    none
    none
    none
    none
    none
    none
    none
    none
    none
    none
    none
    none
    none
    none
    none
    none
    none
    none
    none
    none
    none
    none
    none
    none
    none
    none
2014-05-05 19:34:03.770+0000 INFO  [org.neo4j]: Network information:
    Interface eth0:
        address: fe80:0:0:0:a00:27ff:fe2c:5bb3%eth0
        address: 10.0.2.15
    Interface lo:
        address: 0:0:0:0:0:0:0:1%lo
        address: 127.0.0.1
2014-05-05 19:34:03.772+0000 INFO  [org.neo4j]: --- INITIALIZED diagnostics END ---
2014-05-05 19:34:03.947+0000 INFO  [org.neo4j]: Creating new db @ sample.db/neostore
2014-05-05 19:34:04.017+0000 INFO  [org.neo4j]: [sample.db/neostore.relationshiptypestore.db.names] brickCount=0 brickSize=0b mappedMem=0b (storeSize=38b)
2014-05-05 19:34:04.021+0000 INFO  [org.neo4j]: [sample.db/neostore.relationshiptypestore.db] brickCount=0 brickSize=0b mappedMem=0b (storeSize=0b)
2014-05-05 19:34:04.023+0000 INFO  [org.neo4j]: sample.db/neostore.relationshiptypestore.db.names hit=0 miss=0 switches=0 ooe=0
2014-05-05 19:34:04.027+0000 INFO  [org.neo4j]: sample.db/neostore.relationshiptypestore.db hit=0 miss=0 switches=0 ooe=0
2014-05-05 19:34:04.038+0000 INFO  [org.neo4j]: [sample.db/neostore.labeltokenstore.db.names] brickCount=0 brickSize=0b mappedMem=0b (storeSize=38b)
2014-05-05 19:34:04.038+0000 INFO  [org.neo4j]: [sample.db/neostore.labeltokenstore.db] brickCount=0 brickSize=0b mappedMem=0b (storeSize=0b)
2014-05-05 19:34:04.040+0000 INFO  [org.neo4j]: sample.db/neostore.labeltokenstore.db.names hit=0 miss=0 switches=0 ooe=0
2014-05-05 19:34:04.044+0000 INFO  [org.neo4j]: sample.db/neostore.labeltokenstore.db hit=0 miss=0 switches=0 ooe=0
2014-05-05 19:34:04.053+0000 INFO  [org.neo4j]: [sample.db/neostore.relationshiptypestore.db.names] brickCount=0 brickSize=0b mappedMem=0b (storeSize=38b)
2014-05-05 19:34:04.054+0000 INFO  [org.neo4j]: [sample.db/neostore.relationshiptypestore.db] brickCount=0 brickSize=0b mappedMem=0b (storeSize=0b)
2014-05-05 19:34:04.054+0000 INFO  [org.neo4j]: [sample.db/neostore.labeltokenstore.db.names] brickCount=0 brickSize=0b mappedMem=0b (storeSize=38b)
2014-05-05 19:34:04.054+0000 INFO  [org.neo4j]: [sample.db/neostore.labeltokenstore.db] brickCount=0 brickSize=0b mappedMem=0b (storeSize=0b)
2014-05-05 19:34:04.054+0000 INFO  [org.neo4j]: [sample.db/neostore.propertystore.db.strings] brickCount=0 brickSize=70144b mappedMem=70254592b (storeSize=128b)
2014-05-05 19:34:04.055+0000 INFO  [org.neo4j]: [sample.db/neostore.propertystore.db.index.keys] brickCount=0 brickSize=0b mappedMem=0b (storeSize=38b)
2014-05-05 19:34:04.055+0000 INFO  [org.neo4j]: [sample.db/neostore.propertystore.db.index] brickCount=0 brickSize=0b mappedMem=0b (storeSize=0b)
2014-05-05 19:34:04.056+0000 INFO  [org.neo4j]: [sample.db/neostore.propertystore.db.arrays] brickCount=0 brickSize=79616b mappedMem=79691776b (storeSize=128b)
2014-05-05 19:34:04.058+0000 INFO  [org.neo4j]: [sample.db/neostore.propertystore.db] brickCount=0 brickSize=828364b mappedMem=82837504b (storeSize=0b)
2014-05-05 19:34:04.060+0000 INFO  [org.neo4j]: [sample.db/neostore.relationshipstore.db] brickCount=0 brickSize=1006632b mappedMem=100663296b (storeSize=0b)
2014-05-05 19:34:04.061+0000 INFO  [org.neo4j]: [sample.db/neostore.nodestore.db.labels] brickCount=0 brickSize=0b mappedMem=0b (storeSize=68b)
2014-05-05 19:34:04.063+0000 INFO  [org.neo4j]: [sample.db/neostore.nodestore.db] brickCount=0 brickSize=230678b mappedMem=23068672b (storeSize=0b)
2014-05-05 19:34:04.063+0000 INFO  [org.neo4j]: [sample.db/neostore.schemastore.db] brickCount=0 brickSize=0b mappedMem=0b (storeSize=64b)
2014-05-05 19:34:04.064+0000 INFO  [org.neo4j]: [sample.db/neostore] brickCount=0 brickSize=0b mappedMem=0b (storeSize=0b)
2014-05-05 19:34:04.074+0000 INFO  [org.neo4j]: sample.db/neostore.relationshiptypestore.db.names hit=0 miss=0 switches=0 ooe=0
2014-05-05 19:34:04.078+0000 INFO  [org.neo4j]: sample.db/neostore.relationshiptypestore.db hit=0 miss=0 switches=0 ooe=0
2014-05-05 19:34:04.081+0000 INFO  [org.neo4j]: sample.db/neostore.labeltokenstore.db.names hit=0 miss=0 switches=0 ooe=0
2014-05-05 19:34:04.085+0000 INFO  [org.neo4j]: sample.db/neostore.labeltokenstore.db hit=0 miss=0 switches=0 ooe=0
2014-05-05 19:34:04.088+0000 INFO  [org.neo4j]: sample.db/neostore.propertystore.db.strings hit=0 miss=0 switches=0 ooe=0
2014-05-05 19:34:04.091+0000 INFO  [org.neo4j]: sample.db/neostore.propertystore.db.index.keys hit=0 miss=0 switches=0 ooe=0
2014-05-05 19:34:04.095+0000 INFO  [org.neo4j]: sample.db/neostore.propertystore.db.index hit=0 miss=0 switches=0 ooe=0
2014-05-05 19:34:04.098+0000 INFO  [org.neo4j]: sample.db/neostore.propertystore.db.arrays hit=0 miss=0 switches=0 ooe=0
2014-05-05 19:34:04.105+0000 INFO  [org.neo4j]: sample.db/neostore.propertystore.db hit=0 miss=0 switches=0 ooe=0
2014-05-05 19:34:04.108+0000 INFO  [org.neo4j]: sample.db/neostore.relationshipstore.db hit=0 miss=0 switches=0 ooe=0
2014-05-05 19:34:04.112+0000 INFO  [org.neo4j]: sample.db/neostore.nodestore.db.labels hit=0 miss=0 switches=0 ooe=0
2014-05-05 19:34:04.115+0000 INFO  [org.neo4j]: sample.db/neostore.nodestore.db hit=0 miss=0 switches=0 ooe=0
2014-05-05 19:34:04.119+0000 INFO  [org.neo4j]: sample.db/neostore.schemastore.db hit=0 miss=0 switches=0 ooe=0
2014-05-05 19:34:04.123+0000 INFO  [org.neo4j]: sample.db/neostore hit=0 miss=8 switches=0 ooe=0
2014-05-05 19:34:04.128+0000 INFO  [org.neo4j]: [sample.db/neostore.relationshiptypestore.db.names] brickCount=0 brickSize=0b mappedMem=0b (storeSize=38b)
2014-05-05 19:34:04.128+0000 INFO  [org.neo4j]: [sample.db/neostore.relationshiptypestore.db] brickCount=0 brickSize=0b mappedMem=0b (storeSize=0b)
2014-05-05 19:34:04.128+0000 INFO  [org.neo4j]: [sample.db/neostore.labeltokenstore.db.names] brickCount=0 brickSize=0b mappedMem=0b (storeSize=38b)
2014-05-05 19:34:04.129+0000 INFO  [org.neo4j]: [sample.db/neostore.labeltokenstore.db] brickCount=0 brickSize=0b mappedMem=0b (storeSize=0b)
2014-05-05 19:34:04.129+0000 INFO  [org.neo4j]: [sample.db/neostore.propertystore.db.strings] brickCount=0 brickSize=70144b mappedMem=70254592b (storeSize=128b)
2014-05-05 19:34:04.130+0000 INFO  [org.neo4j]: [sample.db/neostore.propertystore.db.index.keys] brickCount=0 brickSize=0b mappedMem=0b (storeSize=38b)
2014-05-05 19:34:04.130+0000 INFO  [org.neo4j]: [sample.db/neostore.propertystore.db.index] brickCount=0 brickSize=0b mappedMem=0b (storeSize=0b)
2014-05-05 19:34:04.132+0000 INFO  [org.neo4j]: [sample.db/neostore.propertystore.db.arrays] brickCount=0 brickSize=79616b mappedMem=79691776b (storeSize=128b)
2014-05-05 19:34:04.132+0000 INFO  [org.neo4j]: [sample.db/neostore.propertystore.db] brickCount=0 brickSize=828364b mappedMem=82837504b (storeSize=0b)
2014-05-05 19:34:04.132+0000 INFO  [org.neo4j]: [sample.db/neostore.relationshipstore.db] brickCount=0 brickSize=1006632b mappedMem=100663296b (storeSize=0b)
2014-05-05 19:34:04.132+0000 INFO  [org.neo4j]: [sample.db/neostore.nodestore.db.labels] brickCount=0 brickSize=0b mappedMem=0b (storeSize=68b)
2014-05-05 19:34:04.133+0000 INFO  [org.neo4j]: [sample.db/neostore.nodestore.db] brickCount=0 brickSize=230678b mappedMem=23068672b (storeSize=0b)
2014-05-05 19:34:04.133+0000 INFO  [org.neo4j]: [sample.db/neostore.schemastore.db] brickCount=0 brickSize=0b mappedMem=0b (storeSize=64b)
2014-05-05 19:34:04.133+0000 INFO  [org.neo4j]: [sample.db/neostore] brickCount=0 brickSize=0b mappedMem=0b (storeSize=63b)
2014-05-05 19:34:04.199+0000 INFO  [org.neo4j]: No lucene scan store index found, this might just be first use. Preparing to rebuild.
2014-05-05 19:34:04.227+0000 INFO  [org.neo4j]: No lucene scan store index found, this might just be first use. Preparing to rebuild.
2014-05-05 19:34:04.311+0000 INFO  [org.neo4j]: Opened logical log [sample.db/nioneo_logical.log.1] version=0, lastTxId=1 (clean)
2014-05-05 19:34:04.321+0000 INFO  [org.neo4j]: Rebuilding lucene scan store, this may take a while
2014-05-05 19:34:04.322+0000 INFO  [org.neo4j]: Lucene scan store rebuilt (roughly -1 nodes)
2014-05-05 19:34:04.326+0000 INFO  [org.neo4j]: TM new log: tm_tx_log.1
2014-05-05 19:34:04.347+0000 INFO  [org.neo4j]: Opened logical log [sample.db/index/lucene.log.1] version=0, lastTxId=1 (clean)
2014-05-05 19:34:04.354+0000 INFO  [org.neo4j]: --- STARTED diagnostics for KernelDiagnostics:Versions START ---
2014-05-05 19:34:04.354+0000 INFO  [org.neo4j]: Graph Database: org.neo4j.kernel.EmbeddedGraphDatabase StoreId[time:1399318443953, id:6616231503719055034, store version: 13843131341501958]
2014-05-05 19:34:04.354+0000 INFO  [org.neo4j]: Kernel version: Neo4j - Graph Database Kernel (neo4j-kernel), version: 2.0.0
2014-05-05 19:34:04.354+0000 INFO  [org.neo4j]: Neo4j component versions:
2014-05-05 19:34:04.360+0000 INFO  [org.neo4j]:   Neo4j - Cypher Compiler 1.9 (neo4j-cypher-compiler-1.9), version: 2.0.0; revision: 2.0.0:master:601/5cfc38672446b92062b3bc209d584591968f1a0f
2014-05-05 19:34:04.360+0000 INFO  [org.neo4j]:   Neo4j - Cypher Commons (neo4j-cypher-commons), version: 2.0.0; revision: 2.0.0:master:601/5cfc38672446b92062b3bc209d584591968f1a0f
2014-05-05 19:34:04.360+0000 INFO  [org.neo4j]:   neo4j-udc, version: 2.0.0; revision: 2.0.0:master:601/5cfc38672446b92062b3bc209d584591968f1a0f
2014-05-05 19:34:04.360+0000 INFO  [org.neo4j]:   Neo4j Server API (server-api), version: 2.0.0; revision: 2.0.0:master:601/5cfc38672446b92062b3bc209d584591968f1a0f
2014-05-05 19:34:04.360+0000 INFO  [org.neo4j]:   Neo4j - Lucene Index (neo4j-lucene-index), version: 2.0.0; revision: 2.0.0:master:601/5cfc38672446b92062b3bc209d584591968f1a0f
2014-05-05 19:34:04.361+0000 INFO  [org.neo4j]:   Neo4j - Cypher Compiler 2.0 (neo4j-cypher-compiler-2.0), version: 2.0.0; revision: 2.0.0:master:601/5cfc38672446b92062b3bc209d584591968f1a0f
2014-05-05 19:34:04.361+0000 INFO  [org.neo4j]:   Neo4j - Graph Matching (neo4j-graph-matching), version: 2.0.0; revision: 2.0.0:master:601/5cfc38672446b92062b3bc209d584591968f1a0f
2014-05-05 19:34:04.361+0000 INFO  [org.neo4j]:   Neo4j - Graph Database Kernel (neo4j-kernel), version: 2.0.0; revision: 2.0.0:master:601/5cfc38672446b92062b3bc209d584591968f1a0f
2014-05-05 19:34:04.361+0000 INFO  [org.neo4j]:   Neo4j - JMX support (neo4j-jmx), version: 2.0.0; revision: 2.0.0:master:601/5cfc38672446b92062b3bc209d584591968f1a0f
2014-05-05 19:34:04.361+0000 INFO  [org.neo4j]:   Neo4j - Cypher (neo4j-cypher), version: 2.0.0; revision: 2.0.0:master:601/5cfc38672446b92062b3bc209d584591968f1a0f
2014-05-05 19:34:04.361+0000 INFO  [org.neo4j]:   Neo4j - Generic shell (neo4j-shell), version: 2.0.0; revision: 2.0.0:master:601/5cfc38672446b92062b3bc209d584591968f1a0f
2014-05-05 19:34:04.361+0000 INFO  [org.neo4j]:   Neo4j - Graph Algorithms (neo4j-graph-algo), version: 2.0.0; revision: 2.0.0:master:601/5cfc38672446b92062b3bc209d584591968f1a0f
2014-05-05 19:34:04.361+0000 INFO  [org.neo4j]: --- STARTED diagnostics for KernelDiagnostics:Versions END ---
2014-05-05 19:34:04.363+0000 INFO  [org.neo4j]: --- STARTED diagnostics for NEO_STORE_VERSIONS START ---
2014-05-05 19:34:04.363+0000 INFO  [org.neo4j]: Store versions:
    Store versions:
      NeoStore v0.A.1
      SchemaStore v0.A.1
      NodeStore v0.A.1
      RelationshipStore v0.A.1
      RelationshipTypeStore v0.A.1
      LabelTokenStore v0.A.1
      PropertyStore v0.A.1
      PropertyIndexStore v0.A.1
      StringPropertyStore v0.A.1
      ArrayPropertyStore v0.A.1
2014-05-05 19:34:04.363+0000 INFO  [org.neo4j]: --- STARTED diagnostics for NEO_STORE_VERSIONS END ---
2014-05-05 19:34:04.364+0000 INFO  [org.neo4j]: --- STARTED diagnostics for NEO_STORE_ID_USAGE START ---
2014-05-05 19:34:04.364+0000 INFO  [org.neo4j]: Id usage:
    Id usage:
      SchemaStore: used=1 high=0
      NodeStore: used=0 high=-1
      RelationshipStore: used=0 high=-1
      RelationshipTypeStore: used=0 high=-1
      LabelTokenStore: used=0 high=-1
      PropertyStore: used=0 high=-1
      PropertyIndexStore: used=0 high=-1
      StringPropertyStore: used=1 high=0
      ArrayPropertyStore: used=1 high=0
2014-05-05 19:34:04.364+0000 INFO  [org.neo4j]: --- STARTED diagnostics for NEO_STORE_ID_USAGE END ---
2014-05-05 19:34:04.364+0000 INFO  [org.neo4j]: --- STARTED diagnostics for PERSISTENCE_WINDOW_POOL_STATS START ---
2014-05-05 19:34:04.364+0000 INFO  [org.neo4j]: --- STARTED diagnostics for PERSISTENCE_WINDOW_POOL_STATS END ---
2014-05-05 19:34:04.365+0000 INFO  [org.neo4j]: --- STARTED diagnostics for KernelDiagnostics:StoreFiles START ---
2014-05-05 19:34:04.366+0000 INFO  [org.neo4j]: Disk space on partition (Total / Free / Free %): 19662147584 / 1528446976 / 7
Storage files: (filename : modification date - size)
      index:
        lucene-store.db: 2014-05-05T15:34:04-0400 - 40.00 B
        lucene.log.1: 2014-05-05T15:34:04-0400 - 16.00 B
        lucene.log.active: 2014-05-05T15:34:04-0400 - 4.00 B
      - Total: 2014-05-05T15:34:04-0400 - 60.00 B
      neostore.nodestore.db.labels.id: 2014-05-05T15:34:04-0400 - 9.00 B
      neostore.nodestore.db.labels: 2014-05-05T15:34:04-0400 - 68.00 B
      neostore.relationshiptypestore.db.names: 2014-05-05T15:34:04-0400 - 38.00 B
      neostore.relationshiptypestore.db.id: 2014-05-05T15:34:04-0400 - 9.00 B
      active_tx_log: 2014-05-05T15:34:04-0400 - 11.00 B
      neostore.labeltokenstore.db.id: 2014-05-05T15:34:04-0400 - 9.00 B
      neostore.id: 2014-05-05T15:34:04-0400 - 9.00 B
      neostore.propertystore.db: 2014-05-05T15:34:04-0400 - 0.00 B
      schema:
        label:
          lucene:
            write.lock: 2014-05-05T15:34:04-0400 - 0.00 B
          - Total: 2014-05-05T15:34:04-0400 - 0.00 B
        - Total: 2014-05-05T15:34:04-0400 - 0.00 B
      - Total: 2014-05-05T15:34:04-0400 - 0.00 B
      neostore.labeltokenstore.db: 2014-05-05T15:34:04-0400 - 0.00 B
      neostore.propertystore.db.strings.id: 2014-05-05T15:34:04-0400 - 9.00 B
      neostore.relationshipstore.db.id: 2014-05-05T15:34:04-0400 - 9.00 B
      neostore.labeltokenstore.db.names: 2014-05-05T15:34:04-0400 - 38.00 B
      neostore.relationshiptypestore.db: 2014-05-05T15:34:04-0400 - 0.00 B
      messages.log: 2014-05-05T15:34:04-0400 - 18.46 kB
      neostore.relationshiptypestore.db.names.id: 2014-05-05T15:34:04-0400 - 9.00 B
      neostore.propertystore.db.strings: 2014-05-05T15:34:04-0400 - 128.00 B
      neostore.propertystore.db.index.keys.id: 2014-05-05T15:34:04-0400 - 9.00 B
      tm_tx_log.1: 2014-05-05T15:34:04-0400 - 0.00 B
      neostore: 2014-05-05T15:34:04-0400 - 63.00 B
      neostore.schemastore.db: 2014-05-05T15:34:04-0400 - 64.00 B
      neostore.propertystore.db.id: 2014-05-05T15:34:04-0400 - 9.00 B
      neostore.propertystore.db.arrays: 2014-05-05T15:34:04-0400 - 128.00 B
      lock: 2014-05-05T15:34:04-0400 - 0.00 B
      nioneo_logical.log.active: 2014-05-05T15:34:04-0400 - 4.00 B
      neostore.labeltokenstore.db.names.id: 2014-05-05T15:34:04-0400 - 9.00 B
      neostore.nodestore.db: 2014-05-05T15:34:04-0400 - 0.00 B
      store_lock: 2014-05-05T15:34:03-0400 - 0.00 B
      neostore.propertystore.db.index.id: 2014-05-05T15:34:04-0400 - 9.00 B
      neostore.relationshipstore.db: 2014-05-05T15:34:04-0400 - 0.00 B
      neostore.schemastore.db.id: 2014-05-05T15:34:04-0400 - 9.00 B
      neostore.propertystore.db.index: 2014-05-05T15:34:04-0400 - 0.00 B
      neostore.propertystore.db.index.keys: 2014-05-05T15:34:04-0400 - 38.00 B
      neostore.nodestore.db.id: 2014-05-05T15:34:04-0400 - 9.00 B
      neostore.propertystore.db.arrays.id: 2014-05-05T15:34:04-0400 - 9.00 B
      nioneo_logical.log.1: 2014-05-05T15:34:04-0400 - 16.00 B
2014-05-05 19:34:04.376+0000 INFO  [org.neo4j]: --- STARTED diagnostics for KernelDiagnostics:StoreFiles END ---
2014-05-05 19:34:04.405+0000 INFO  [org.neo4j]: Database is now ready
2014-05-05 19:34:04.416+0000 INFO  [org.neo4j]: GC Monitor started. 
2014-05-05 19:34:30.660+0000 INFO  [org.neo4j]: Shutdown started
2014-05-05 19:34:30.661+0000 INFO  [org.neo4j]: Database is now unavailable
2014-05-05 19:34:30.661+0000 INFO  [org.neo4j]: GC Monitor stopped. 
2014-05-05 19:34:30.670+0000 INFO  [org.neo4j]: Closed log sample.db/index/lucene.log
2014-05-05 19:34:30.672+0000 INFO  [org.neo4j]: TM shutting down
2014-05-05 19:34:30.687+0000 INFO  [org.neo4j]: Closed log sample.db/nioneo_logical.log
2014-05-05 19:34:30.696+0000 INFO  [org.neo4j]: sample.db/neostore.relationshiptypestore.db.names hit=0 miss=0 switches=0 ooe=0
2014-05-05 19:34:30.700+0000 INFO  [org.neo4j]: sample.db/neostore.relationshiptypestore.db hit=0 miss=0 switches=0 ooe=0
2014-05-05 19:34:30.703+0000 INFO  [org.neo4j]: sample.db/neostore.labeltokenstore.db.names hit=0 miss=0 switches=0 ooe=0
2014-05-05 19:34:30.706+0000 INFO  [org.neo4j]: sample.db/neostore.labeltokenstore.db hit=0 miss=0 switches=0 ooe=0
2014-05-05 19:34:30.710+0000 INFO  [org.neo4j]: sample.db/neostore.propertystore.db.strings hit=0 miss=0 switches=0 ooe=0
2014-05-05 19:34:30.713+0000 INFO  [org.neo4j]: sample.db/neostore.propertystore.db.index.keys hit=0 miss=0 switches=0 ooe=0
2014-05-05 19:34:30.717+0000 INFO  [org.neo4j]: sample.db/neostore.propertystore.db.index hit=0 miss=0 switches=0 ooe=0
2014-05-05 19:34:30.720+0000 INFO  [org.neo4j]: sample.db/neostore.propertystore.db.arrays hit=0 miss=0 switches=0 ooe=0
2014-05-05 19:34:30.724+0000 INFO  [org.neo4j]: sample.db/neostore.propertystore.db hit=0 miss=0 switches=0 ooe=0
2014-05-05 19:34:30.730+0000 INFO  [org.neo4j]: sample.db/neostore.relationshipstore.db hit=0 miss=0 switches=0 ooe=0
2014-05-05 19:34:30.733+0000 INFO  [org.neo4j]: sample.db/neostore.nodestore.db.labels hit=0 miss=0 switches=0 ooe=0
2014-05-05 19:34:30.737+0000 INFO  [org.neo4j]: sample.db/neostore.nodestore.db hit=0 miss=0 switches=0 ooe=0
2014-05-05 19:34:30.741+0000 INFO  [org.neo4j]: sample.db/neostore.schemastore.db hit=0 miss=0 switches=0 ooe=0
2014-05-05 19:34:30.744+0000 INFO  [org.neo4j]: sample.db/neostore hit=0 miss=16 switches=0 ooe=0
2014-05-05 19:34:30.747+0000 INFO  [org.neo4j]: NeoStore closed
2014-05-05 19:34:30.747+0000 INFO  [org.neo4j]: --- STOPPING diagnostics START ---
2014-05-05 19:34:30.747+0000 INFO  [org.neo4j]: --- STOPPING diagnostics END ---
